Build started 2017-03-13 12:45:23.
     1>Project "C:\mnich2\OpenIGTLink-1\Blds\Examples\QuaternionTrackingData\QuaternionTrackingDataServer.vcxproj" on node 2 (build target(s)).
     1>InitializeBuildStatus:
         Creating "QuaternionTrackingDataServer.dir\Debug\QuaternionTrackingDataServer.unsuccessfulbuild" because "AlwaysCreate" was specified.
       CustomBuild:
         All outputs are up-to-date.
       ClCompile:
         All outputs are up-to-date.
       ManifestResourceCompile:
         All outputs are up-to-date.
       Link:
         c:\Program Files\Microsoft Visual Studio 10.0\VC\bin\link.exe /ERRORREPORT:PROMPT /OUT:"C:\mnich2\OpenIGTLink-1\Blds\bin\Debug\QuaternionTrackingDataServer.exe" /INCREMENTAL /NOLOGO kernel32.lib user32.lib gdi32.lib winspool.lib shell32.lib ole32.lib oleaut32.lib uuid.lib comdlg32.lib advapi32.lib ..\..\bin\Debug\OpenIGTLink.lib ws2_32.lib wsock32.lib /MANIFEST /ManifestFile:"QuaternionTrackingDataServer.dir\Debug\QuaternionTrackingDataServer.exe.intermediate.manifest" /MANIFESTUAC:"level='asInvoker' uiAccess='false'" /DEBUG /PDB:"C:/mnich2/OpenIGTLink-1/Blds/bin/Debug/QuaternionTrackingDataServer.pdb" /SUBSYSTEM:CONSOLE /TLBID:1 /DYNAMICBASE /NXCOMPAT /IMPLIB:"C:/mnich2/OpenIGTLink-1/Blds/bin/Debug/QuaternionTrackingDataServer.lib" /MACHINE:X86 QuaternionTrackingDataServer.dir\Debug\QuaternionTrackingDataServer.exe.embed.manifest.res
         QuaternionTrackingDataServer.dir\Debug\QuaternionTrackingDataServer.obj  /machine:X86 /debug 
            Creating library C:/mnich2/OpenIGTLink-1/Blds/bin/Debug/QuaternionTrackingDataServer.lib and object C:/mnich2/OpenIGTLink-1/Blds/bin/Debug/QuaternionTrackingDataServer.exp
       Manifest:
         C:\Program Files\Microsoft SDKs\Windows\v7.0A\bin\mt.exe /nologo /verbose /out:"QuaternionTrackingDataServer.dir\Debug\QuaternionTrackingDataServer.exe.embed.manifest" /manifest QuaternionTrackingDataServer.dir\Debug\QuaternionTrackingDataServer.exe.intermediate.manifest
         All outputs are up-to-date.
       LinkEmbedManifest:
         All outputs are up-to-date.
         QuaternionTrackingDataServer.vcxproj -> C:\mnich2\OpenIGTLink-1\Blds\bin\Debug\QuaternionTrackingDataServer.exe
       FinalizeBuildStatus:
         Deleting file "QuaternionTrackingDataServer.dir\Debug\QuaternionTrackingDataServer.unsuccessfulbuild".
         Touching "QuaternionTrackingDataServer.dir\Debug\QuaternionTrackingDataServer.lastbuildstate".
     1>Done Building Project "C:\mnich2\OpenIGTLink-1\Blds\Examples\QuaternionTrackingData\QuaternionTrackingDataServer.vcxproj" (build target(s)).

Build succeeded.

Time Elapsed 00:00:01.23
