C:\MNICH2\OPENIGTLINK-1\BLDS\BIN\DEBUG\OPENIGTLINK.LIB
C:\MNICH2\OPENIGTLINK-1\BLDS\SOURCE\CMAKEFILES\GENERATE.STAMP
C:\mnich2\OpenIGTLink-1\Blds\Source\OpenIGTLink.dir\Debug\CL.152.read.1.tlog
C:\mnich2\OpenIGTLink-1\Blds\Source\OpenIGTLink.dir\Debug\CL.152.write.1.tlog
C:\mnich2\OpenIGTLink-1\Blds\Source\OpenIGTLink.dir\Debug\CL.1532.read.1.tlog
C:\mnich2\OpenIGTLink-1\Blds\Source\OpenIGTLink.dir\Debug\CL.1532.write.1.tlog
C:\mnich2\OpenIGTLink-1\Blds\Source\OpenIGTLink.dir\Debug\CL.5792.read.1.tlog
C:\mnich2\OpenIGTLink-1\Blds\Source\OpenIGTLink.dir\Debug\CL.5792.write.1.tlog
C:\mnich2\OpenIGTLink-1\Blds\Source\OpenIGTLink.dir\Debug\CL.6116.read.1.tlog
C:\mnich2\OpenIGTLink-1\Blds\Source\OpenIGTLink.dir\Debug\CL.6116.write.1.tlog
C:\mnich2\OpenIGTLink-1\Blds\Source\OpenIGTLink.dir\Debug\cl.command.1.tlog
C:\mnich2\OpenIGTLink-1\Blds\Source\OpenIGTLink.dir\Debug\CL.read.1.tlog
C:\mnich2\OpenIGTLink-1\Blds\Source\OpenIGTLink.dir\Debug\cl.write.1.tlog
C:\mnich2\OpenIGTLink-1\Blds\Source\OpenIGTLink.dir\Debug\custombuild.command.1.tlog
C:\mnich2\OpenIGTLink-1\Blds\Source\OpenIGTLink.dir\Debug\custombuild.read.1.tlog
C:\mnich2\OpenIGTLink-1\Blds\Source\OpenIGTLink.dir\Debug\custombuild.write.1.tlog
C:\mnich2\OpenIGTLink-1\Blds\Source\OpenIGTLink.dir\Debug\igtl_bind.obj
C:\mnich2\OpenIGTLink-1\Blds\Source\OpenIGTLink.dir\Debug\igtl_capability.obj
C:\mnich2\OpenIGTLink-1\Blds\Source\OpenIGTLink.dir\Debug\igtl_colortable.obj
C:\mnich2\OpenIGTLink-1\Blds\Source\OpenIGTLink.dir\Debug\igtl_command.obj
C:\mnich2\OpenIGTLink-1\Blds\Source\OpenIGTLink.dir\Debug\igtl_header.obj
C:\mnich2\OpenIGTLink-1\Blds\Source\OpenIGTLink.dir\Debug\igtl_image.obj
C:\mnich2\OpenIGTLink-1\Blds\Source\OpenIGTLink.dir\Debug\igtl_imgmeta.obj
C:\mnich2\OpenIGTLink-1\Blds\Source\OpenIGTLink.dir\Debug\igtl_lbmeta.obj
C:\mnich2\OpenIGTLink-1\Blds\Source\OpenIGTLink.dir\Debug\igtl_ndarray.obj
C:\mnich2\OpenIGTLink-1\Blds\Source\OpenIGTLink.dir\Debug\igtl_point.obj
C:\mnich2\OpenIGTLink-1\Blds\Source\OpenIGTLink.dir\Debug\igtl_polydata.obj
C:\mnich2\OpenIGTLink-1\Blds\Source\OpenIGTLink.dir\Debug\igtl_position.obj
C:\mnich2\OpenIGTLink-1\Blds\Source\OpenIGTLink.dir\Debug\igtl_qtdata.obj
C:\mnich2\OpenIGTLink-1\Blds\Source\OpenIGTLink.dir\Debug\igtl_qtrans.obj
C:\mnich2\OpenIGTLink-1\Blds\Source\OpenIGTLink.dir\Debug\igtl_query.obj
C:\mnich2\OpenIGTLink-1\Blds\Source\OpenIGTLink.dir\Debug\igtl_sensor.obj
C:\mnich2\OpenIGTLink-1\Blds\Source\OpenIGTLink.dir\Debug\igtl_status.obj
C:\mnich2\OpenIGTLink-1\Blds\Source\OpenIGTLink.dir\Debug\igtl_string.obj
C:\mnich2\OpenIGTLink-1\Blds\Source\OpenIGTLink.dir\Debug\igtl_tdata.obj
C:\mnich2\OpenIGTLink-1\Blds\Source\OpenIGTLink.dir\Debug\igtl_trajectory.obj
C:\mnich2\OpenIGTLink-1\Blds\Source\OpenIGTLink.dir\Debug\igtl_transform.obj
C:\mnich2\OpenIGTLink-1\Blds\Source\OpenIGTLink.dir\Debug\igtl_unit.obj
C:\mnich2\OpenIGTLink-1\Blds\Source\OpenIGTLink.dir\Debug\igtl_util.obj
C:\MNICH2\OPENIGTLINK-1\BLDS\SOURCE\OPENIGTLINK.DIR\DEBUG\IGTLBINDMESSAGE.OBJ
C:\MNICH2\OPENIGTLINK-1\BLDS\SOURCE\OPENIGTLINK.DIR\DEBUG\IGTLCAPABILITYMESSAGE.OBJ
C:\MNICH2\OPENIGTLINK-1\BLDS\SOURCE\OPENIGTLINK.DIR\DEBUG\IGTLCLIENTSOCKET.OBJ
C:\MNICH2\OPENIGTLINK-1\BLDS\SOURCE\OPENIGTLINK.DIR\DEBUG\IGTLCOLORTABLEMESSAGE.OBJ
C:\MNICH2\OPENIGTLINK-1\BLDS\SOURCE\OPENIGTLINK.DIR\DEBUG\IGTLCOMMANDMESSAGE.OBJ
C:\MNICH2\OPENIGTLINK-1\BLDS\SOURCE\OPENIGTLINK.DIR\DEBUG\IGTLCONDITIONVARIABLE.OBJ
C:\MNICH2\OPENIGTLINK-1\BLDS\SOURCE\OPENIGTLINK.DIR\DEBUG\IGTLFASTMUTEXLOCK.OBJ
C:\MNICH2\OPENIGTLINK-1\BLDS\SOURCE\OPENIGTLINK.DIR\DEBUG\IGTLIMAGEMESSAGE.OBJ
C:\MNICH2\OPENIGTLINK-1\BLDS\SOURCE\OPENIGTLINK.DIR\DEBUG\IGTLIMAGEMESSAGE2.OBJ
C:\MNICH2\OPENIGTLINK-1\BLDS\SOURCE\OPENIGTLINK.DIR\DEBUG\IGTLIMAGEMETAMESSAGE.OBJ
C:\MNICH2\OPENIGTLINK-1\BLDS\SOURCE\OPENIGTLINK.DIR\DEBUG\IGTLLABELMETAMESSAGE.OBJ
C:\MNICH2\OPENIGTLINK-1\BLDS\SOURCE\OPENIGTLINK.DIR\DEBUG\IGTLLIGHTOBJECT.OBJ
C:\MNICH2\OPENIGTLINK-1\BLDS\SOURCE\OPENIGTLINK.DIR\DEBUG\IGTLMATH.OBJ
C:\MNICH2\OPENIGTLINK-1\BLDS\SOURCE\OPENIGTLINK.DIR\DEBUG\IGTLMESSAGEBASE.OBJ
C:\MNICH2\OPENIGTLINK-1\BLDS\SOURCE\OPENIGTLINK.DIR\DEBUG\IGTLMESSAGEFACTORY.OBJ
C:\MNICH2\OPENIGTLINK-1\BLDS\SOURCE\OPENIGTLINK.DIR\DEBUG\IGTLMULTITHREADER.OBJ
C:\MNICH2\OPENIGTLINK-1\BLDS\SOURCE\OPENIGTLINK.DIR\DEBUG\IGTLMUTEXLOCK.OBJ
C:\MNICH2\OPENIGTLINK-1\BLDS\SOURCE\OPENIGTLINK.DIR\DEBUG\IGTLNDARRAYMESSAGE.OBJ
C:\MNICH2\OPENIGTLINK-1\BLDS\SOURCE\OPENIGTLINK.DIR\DEBUG\IGTLOBJECT.OBJ
C:\MNICH2\OPENIGTLINK-1\BLDS\SOURCE\OPENIGTLINK.DIR\DEBUG\IGTLOBJECTFACTORYBASE.OBJ
C:\MNICH2\OPENIGTLINK-1\BLDS\SOURCE\OPENIGTLINK.DIR\DEBUG\IGTLOSUTIL.OBJ
C:\MNICH2\OPENIGTLINK-1\BLDS\SOURCE\OPENIGTLINK.DIR\DEBUG\IGTLPOINTMESSAGE.OBJ
C:\MNICH2\OPENIGTLINK-1\BLDS\SOURCE\OPENIGTLINK.DIR\DEBUG\IGTLPOLYDATAMESSAGE.OBJ
C:\MNICH2\OPENIGTLINK-1\BLDS\SOURCE\OPENIGTLINK.DIR\DEBUG\IGTLPOSITIONMESSAGE.OBJ
C:\MNICH2\OPENIGTLINK-1\BLDS\SOURCE\OPENIGTLINK.DIR\DEBUG\IGTLQUATERNIONTRACKINGDATAMESSAGE.OBJ
C:\MNICH2\OPENIGTLINK-1\BLDS\SOURCE\OPENIGTLINK.DIR\DEBUG\IGTLQUERYMESSAGE.OBJ
C:\MNICH2\OPENIGTLINK-1\BLDS\SOURCE\OPENIGTLINK.DIR\DEBUG\IGTLSENSORMESSAGE.OBJ
C:\MNICH2\OPENIGTLINK-1\BLDS\SOURCE\OPENIGTLINK.DIR\DEBUG\IGTLSERVERSOCKET.OBJ
C:\MNICH2\OPENIGTLINK-1\BLDS\SOURCE\OPENIGTLINK.DIR\DEBUG\IGTLSESSIONMANAGER.OBJ
C:\MNICH2\OPENIGTLINK-1\BLDS\SOURCE\OPENIGTLINK.DIR\DEBUG\IGTLSIMPLEFASTMUTEXLOCK.OBJ
C:\MNICH2\OPENIGTLINK-1\BLDS\SOURCE\OPENIGTLINK.DIR\DEBUG\IGTLSOCKET.OBJ
C:\MNICH2\OPENIGTLINK-1\BLDS\SOURCE\OPENIGTLINK.DIR\DEBUG\IGTLSTATUSMESSAGE.OBJ
C:\MNICH2\OPENIGTLINK-1\BLDS\SOURCE\OPENIGTLINK.DIR\DEBUG\IGTLSTRINGMESSAGE.OBJ
C:\MNICH2\OPENIGTLINK-1\BLDS\SOURCE\OPENIGTLINK.DIR\DEBUG\IGTLTIMESTAMP.OBJ
C:\MNICH2\OPENIGTLINK-1\BLDS\SOURCE\OPENIGTLINK.DIR\DEBUG\IGTLTRACKINGDATAMESSAGE.OBJ
C:\MNICH2\OPENIGTLINK-1\BLDS\SOURCE\OPENIGTLINK.DIR\DEBUG\IGTLTRAJECTORYMESSAGE.OBJ
C:\MNICH2\OPENIGTLINK-1\BLDS\SOURCE\OPENIGTLINK.DIR\DEBUG\IGTLTRANSFORMMESSAGE.OBJ
C:\MNICH2\OPENIGTLINK-1\BLDS\SOURCE\OPENIGTLINK.DIR\DEBUG\IGTLUNIT.OBJ
C:\mnich2\OpenIGTLink-1\Blds\Source\OpenIGTLink.dir\Debug\lib.command.1.tlog
C:\mnich2\OpenIGTLink-1\Blds\Source\OpenIGTLink.dir\Debug\Lib-link.read.1.tlog
C:\mnich2\OpenIGTLink-1\Blds\Source\OpenIGTLink.dir\Debug\Lib-link.write.1.tlog
C:\mnich2\OpenIGTLink-1\Blds\Source\OpenIGTLink.dir\Debug\OpenIGTLink.write.1.tlog
C:\MNICH2\OPENIGTLINK-1\BLDS\SOURCE\OPENIGTLINK.DIR\DEBUG\VC100.PDB
