Build started 2017-03-13 12:45:15.
     1>Project "C:\mnich2\OpenIGTLink-1\Blds\Examples\Tracker\TrackerServer.vcxproj" on node 2 (build target(s)).
     1>InitializeBuildStatus:
         Creating "TrackerServer.dir\Debug\TrackerServer.unsuccessfulbuild" because "AlwaysCreate" was specified.
       CustomBuild:
         All outputs are up-to-date.
       ClCompile:
         All outputs are up-to-date.
       ManifestResourceCompile:
         All outputs are up-to-date.
       Link:
         c:\Program Files\Microsoft Visual Studio 10.0\VC\bin\link.exe /ERRORREPORT:PROMPT /OUT:"C:\mnich2\OpenIGTLink-1\Blds\bin\Debug\TrackerServer.exe" /INCREMENTAL /NOLOGO kernel32.lib user32.lib gdi32.lib winspool.lib shell32.lib ole32.lib oleaut32.lib uuid.lib comdlg32.lib advapi32.lib ..\..\bin\Debug\OpenIGTLink.lib ws2_32.lib wsock32.lib /MANIFEST /ManifestFile:"TrackerServer.dir\Debug\TrackerServer.exe.intermediate.manifest" /MANIFESTUAC:"level='asInvoker' uiAccess='false'" /DEBUG /PDB:"C:/mnich2/OpenIGTLink-1/Blds/bin/Debug/TrackerServer.pdb" /SUBSYSTEM:CONSOLE /TLBID:1 /DYNAMICBASE /NXCOMPAT /IMPLIB:"C:/mnich2/OpenIGTLink-1/Blds/bin/Debug/TrackerServer.lib" /MACHINE:X86 TrackerServer.dir\Debug\TrackerServer.exe.embed.manifest.res
         TrackerServer.dir\Debug\TrackerServer.obj  /machine:X86 /debug 
            Creating library C:/mnich2/OpenIGTLink-1/Blds/bin/Debug/TrackerServer.lib and object C:/mnich2/OpenIGTLink-1/Blds/bin/Debug/TrackerServer.exp
       Manifest:
         C:\Program Files\Microsoft SDKs\Windows\v7.0A\bin\mt.exe /nologo /verbose /out:"TrackerServer.dir\Debug\TrackerServer.exe.embed.manifest" /manifest TrackerServer.dir\Debug\TrackerServer.exe.intermediate.manifest
         All outputs are up-to-date.
       LinkEmbedManifest:
         All outputs are up-to-date.
         TrackerServer.vcxproj -> C:\mnich2\OpenIGTLink-1\Blds\bin\Debug\TrackerServer.exe
       FinalizeBuildStatus:
         Deleting file "TrackerServer.dir\Debug\TrackerServer.unsuccessfulbuild".
         Touching "TrackerServer.dir\Debug\TrackerServer.lastbuildstate".
     1>Done Building Project "C:\mnich2\OpenIGTLink-1\Blds\Examples\Tracker\TrackerServer.vcxproj" (build target(s)).

Build succeeded.

Time Elapsed 00:00:00.62
