C:\mnich2\OpenIGTLink-1\Blds\bin\Debug\NowySerwer.exe
C:\MNICH2\OPENIGTLINK-1\BLDS\EXAMPLES\LAB_PWP\CMAKEFILES\GENERATE.STAMP
C:\mnich2\OpenIGTLink-1\Blds\Examples\Lab_PWP\NowySerwer.dir\Debug\cl.command.1.tlog
C:\mnich2\OpenIGTLink-1\Blds\Examples\Lab_PWP\NowySerwer.dir\Debug\CL.read.1.tlog
C:\mnich2\OpenIGTLink-1\Blds\Examples\Lab_PWP\NowySerwer.dir\Debug\CL.write.1.tlog
C:\mnich2\OpenIGTLink-1\Blds\Examples\Lab_PWP\NowySerwer.dir\Debug\custombuild.command.1.tlog
C:\mnich2\OpenIGTLink-1\Blds\Examples\Lab_PWP\NowySerwer.dir\Debug\custombuild.read.1.tlog
C:\mnich2\OpenIGTLink-1\Blds\Examples\Lab_PWP\NowySerwer.dir\Debug\custombuild.write.1.tlog
C:\mnich2\OpenIGTLink-1\Blds\Examples\Lab_PWP\NowySerwer.dir\Debug\link.command.1.tlog
C:\mnich2\OpenIGTLink-1\Blds\Examples\Lab_PWP\NowySerwer.dir\Debug\link.read.1.tlog
C:\mnich2\OpenIGTLink-1\Blds\Examples\Lab_PWP\NowySerwer.dir\Debug\link.write.1.tlog
C:\mnich2\OpenIGTLink-1\Blds\Examples\Lab_PWP\NowySerwer.dir\Debug\NowySerwer.exe.embed.manifest
C:\MNICH2\OPENIGTLINK-1\BLDS\EXAMPLES\LAB_PWP\NOWYSERWER.DIR\DEBUG\NOWYSERWER.EXE.EMBED.MANIFEST.RES
C:\MNICH2\OPENIGTLINK-1\BLDS\EXAMPLES\LAB_PWP\NOWYSERWER.DIR\DEBUG\NOWYSERWER.OBJ
C:\mnich2\OpenIGTLink-1\Blds\Examples\Lab_PWP\NowySerwer.dir\Debug\NowySerwer.write.1.tlog
C:\mnich2\OpenIGTLink-1\Blds\Examples\Lab_PWP\NowySerwer.dir\Debug\NowySerwer_manifest.rc
C:\mnich2\OpenIGTLink-1\Blds\Examples\Lab_PWP\NowySerwer.dir\Debug\rc.command.1.tlog
C:\mnich2\OpenIGTLink-1\Blds\Examples\Lab_PWP\NowySerwer.dir\Debug\rc.read.1.tlog
C:\mnich2\OpenIGTLink-1\Blds\Examples\Lab_PWP\NowySerwer.dir\Debug\rc.write.1.tlog
C:\MNICH2\OPENIGTLINK-1\BLDS\EXAMPLES\LAB_PWP\NOWYSERWER.DIR\DEBUG\VC100.PDB
