Build started 2017-03-13 12:45:20.
     1>Project "C:\mnich2\OpenIGTLink-1\Blds\Examples\SessionManager\SessionManagerServer.vcxproj" on node 3 (build target(s)).
     1>InitializeBuildStatus:
         Creating "SessionManagerServer.dir\Debug\SessionManagerServer.unsuccessfulbuild" because "AlwaysCreate" was specified.
       CustomBuild:
         All outputs are up-to-date.
       ClCompile:
         All outputs are up-to-date.
       ManifestResourceCompile:
         All outputs are up-to-date.
       Link:
         c:\Program Files\Microsoft Visual Studio 10.0\VC\bin\link.exe /ERRORREPORT:PROMPT /OUT:"C:\mnich2\OpenIGTLink-1\Blds\bin\Debug\SessionManagerServer.exe" /INCREMENTAL /NOLOGO kernel32.lib user32.lib gdi32.lib winspool.lib shell32.lib ole32.lib oleaut32.lib uuid.lib comdlg32.lib advapi32.lib ..\..\bin\Debug\OpenIGTLink.lib ws2_32.lib wsock32.lib /MANIFEST /ManifestFile:"SessionManagerServer.dir\Debug\SessionManagerServer.exe.intermediate.manifest" /MANIFESTUAC:"level='asInvoker' uiAccess='false'" /DEBUG /PDB:"C:/mnich2/OpenIGTLink-1/Blds/bin/Debug/SessionManagerServer.pdb" /SUBSYSTEM:CONSOLE /TLBID:1 /DYNAMICBASE /NXCOMPAT /IMPLIB:"C:/mnich2/OpenIGTLink-1/Blds/bin/Debug/SessionManagerServer.lib" /MACHINE:X86 SessionManagerServer.dir\Debug\SessionManagerServer.exe.embed.manifest.res
         SessionManagerServer.dir\Debug\SessionManagerServer.obj  /machine:X86 /debug 
            Creating library C:/mnich2/OpenIGTLink-1/Blds/bin/Debug/SessionManagerServer.lib and object C:/mnich2/OpenIGTLink-1/Blds/bin/Debug/SessionManagerServer.exp
       Manifest:
         C:\Program Files\Microsoft SDKs\Windows\v7.0A\bin\mt.exe /nologo /verbose /out:"SessionManagerServer.dir\Debug\SessionManagerServer.exe.embed.manifest" /manifest SessionManagerServer.dir\Debug\SessionManagerServer.exe.intermediate.manifest
         All outputs are up-to-date.
       LinkEmbedManifest:
         All outputs are up-to-date.
         SessionManagerServer.vcxproj -> C:\mnich2\OpenIGTLink-1\Blds\bin\Debug\SessionManagerServer.exe
       FinalizeBuildStatus:
         Deleting file "SessionManagerServer.dir\Debug\SessionManagerServer.unsuccessfulbuild".
         Touching "SessionManagerServer.dir\Debug\SessionManagerServer.lastbuildstate".
     1>Done Building Project "C:\mnich2\OpenIGTLink-1\Blds\Examples\SessionManager\SessionManagerServer.vcxproj" (build target(s)).

Build succeeded.

Time Elapsed 00:00:00.81
