Build started 2017-03-13 12:45:35.
     1>Project "C:\mnich2\OpenIGTLink-1\Blds\Examples\Imager\ImagerClient.vcxproj" on node 2 (build target(s)).
     1>InitializeBuildStatus:
         Creating "ImagerClient.dir\Debug\ImagerClient.unsuccessfulbuild" because "AlwaysCreate" was specified.
       CustomBuild:
         All outputs are up-to-date.
       ClCompile:
         All outputs are up-to-date.
       ManifestResourceCompile:
         All outputs are up-to-date.
       Link:
         c:\Program Files\Microsoft Visual Studio 10.0\VC\bin\link.exe /ERRORREPORT:PROMPT /OUT:"C:\mnich2\OpenIGTLink-1\Blds\bin\Debug\ImagerClient.exe" /INCREMENTAL /NOLOGO kernel32.lib user32.lib gdi32.lib winspool.lib shell32.lib ole32.lib oleaut32.lib uuid.lib comdlg32.lib advapi32.lib ..\..\bin\Debug\OpenIGTLink.lib ws2_32.lib wsock32.lib /MANIFEST /ManifestFile:"ImagerClient.dir\Debug\ImagerClient.exe.intermediate.manifest" /MANIFESTUAC:"level='asInvoker' uiAccess='false'" /DEBUG /PDB:"C:/mnich2/OpenIGTLink-1/Blds/bin/Debug/ImagerClient.pdb" /SUBSYSTEM:CONSOLE /TLBID:1 /DYNAMICBASE /NXCOMPAT /IMPLIB:"C:/mnich2/OpenIGTLink-1/Blds/bin/Debug/ImagerClient.lib" /MACHINE:X86 ImagerClient.dir\Debug\ImagerClient.exe.embed.manifest.res
         ImagerClient.dir\Debug\ImagerClient.obj  /machine:X86 /debug 
            Creating library C:/mnich2/OpenIGTLink-1/Blds/bin/Debug/ImagerClient.lib and object C:/mnich2/OpenIGTLink-1/Blds/bin/Debug/ImagerClient.exp
       Manifest:
         C:\Program Files\Microsoft SDKs\Windows\v7.0A\bin\mt.exe /nologo /verbose /out:"ImagerClient.dir\Debug\ImagerClient.exe.embed.manifest" /manifest ImagerClient.dir\Debug\ImagerClient.exe.intermediate.manifest
         All outputs are up-to-date.
       LinkEmbedManifest:
         All outputs are up-to-date.
         ImagerClient.vcxproj -> C:\mnich2\OpenIGTLink-1\Blds\bin\Debug\ImagerClient.exe
       FinalizeBuildStatus:
         Deleting file "ImagerClient.dir\Debug\ImagerClient.unsuccessfulbuild".
         Touching "ImagerClient.dir\Debug\ImagerClient.lastbuildstate".
     1>Done Building Project "C:\mnich2\OpenIGTLink-1\Blds\Examples\Imager\ImagerClient.vcxproj" (build target(s)).

Build succeeded.

Time Elapsed 00:00:00.84
