C:\MNICH2\OPENIGTLINK-1\BLDS\BIN\DEBUG\NOWYKLIENT.EXE
C:\mnich2\OpenIGTLink-1\Blds\bin\Debug\NowyKlient.exp
C:\MNICH2\OPENIGTLINK-1\BLDS\BIN\DEBUG\NOWYKLIENT.ILK
C:\mnich2\OpenIGTLink-1\Blds\bin\Debug\NowyKlient.lib
C:\MNICH2\OPENIGTLINK-1\BLDS\BIN\DEBUG\NOWYKLIENT.PDB
C:\MNICH2\OPENIGTLINK-1\BLDS\EXAMPLES\LAB_PWP\CMAKEFILES\GENERATE.STAMP
C:\mnich2\OpenIGTLink-1\Blds\Examples\Lab_PWP\NowyKlient.dir\Debug\cl.command.1.tlog
C:\mnich2\OpenIGTLink-1\Blds\Examples\Lab_PWP\NowyKlient.dir\Debug\CL.read.1.tlog
C:\mnich2\OpenIGTLink-1\Blds\Examples\Lab_PWP\NowyKlient.dir\Debug\CL.write.1.tlog
C:\mnich2\OpenIGTLink-1\Blds\Examples\Lab_PWP\NowyKlient.dir\Debug\custombuild.command.1.tlog
C:\mnich2\OpenIGTLink-1\Blds\Examples\Lab_PWP\NowyKlient.dir\Debug\custombuild.read.1.tlog
C:\mnich2\OpenIGTLink-1\Blds\Examples\Lab_PWP\NowyKlient.dir\Debug\custombuild.write.1.tlog
C:\mnich2\OpenIGTLink-1\Blds\Examples\Lab_PWP\NowyKlient.dir\Debug\link.command.1.tlog
C:\mnich2\OpenIGTLink-1\Blds\Examples\Lab_PWP\NowyKlient.dir\Debug\link.read.1.tlog
C:\mnich2\OpenIGTLink-1\Blds\Examples\Lab_PWP\NowyKlient.dir\Debug\link.write.1.tlog
C:\mnich2\OpenIGTLink-1\Blds\Examples\Lab_PWP\NowyKlient.dir\Debug\link-cvtres.read.1.tlog
C:\mnich2\OpenIGTLink-1\Blds\Examples\Lab_PWP\NowyKlient.dir\Debug\link-cvtres.write.1.tlog
C:\mnich2\OpenIGTLink-1\Blds\Examples\Lab_PWP\NowyKlient.dir\Debug\mt.command.1.tlog
C:\mnich2\OpenIGTLink-1\Blds\Examples\Lab_PWP\NowyKlient.dir\Debug\mt.read.1.tlog
C:\mnich2\OpenIGTLink-1\Blds\Examples\Lab_PWP\NowyKlient.dir\Debug\mt.write.1.tlog
C:\MNICH2\OPENIGTLINK-1\BLDS\EXAMPLES\LAB_PWP\NOWYKLIENT.DIR\DEBUG\NOWYKLIENT.EXE.EMBED.MANIFEST
C:\MNICH2\OPENIGTLINK-1\BLDS\EXAMPLES\LAB_PWP\NOWYKLIENT.DIR\DEBUG\NOWYKLIENT.EXE.EMBED.MANIFEST.RES
C:\MNICH2\OPENIGTLINK-1\BLDS\EXAMPLES\LAB_PWP\NOWYKLIENT.DIR\DEBUG\NOWYKLIENT.EXE.INTERMEDIATE.MANIFEST
C:\MNICH2\OPENIGTLINK-1\BLDS\EXAMPLES\LAB_PWP\NOWYKLIENT.DIR\DEBUG\NOWYKLIENT.OBJ
C:\mnich2\OpenIGTLink-1\Blds\Examples\Lab_PWP\NowyKlient.dir\Debug\NowyKlient.write.1.tlog
C:\mnich2\OpenIGTLink-1\Blds\Examples\Lab_PWP\NowyKlient.dir\Debug\NowyKlient_manifest.rc
C:\mnich2\OpenIGTLink-1\Blds\Examples\Lab_PWP\NowyKlient.dir\Debug\rc.command.1.tlog
C:\mnich2\OpenIGTLink-1\Blds\Examples\Lab_PWP\NowyKlient.dir\Debug\rc.read.1.tlog
C:\mnich2\OpenIGTLink-1\Blds\Examples\Lab_PWP\NowyKlient.dir\Debug\rc.write.1.tlog
C:\MNICH2\OPENIGTLINK-1\BLDS\EXAMPLES\LAB_PWP\NOWYKLIENT.DIR\DEBUG\VC100.PDB
