Build started 2017-03-13 12:45:27.
     1>Project "C:\mnich2\OpenIGTLink-1\Blds\Examples\Point\PointClient.vcxproj" on node 3 (build target(s)).
     1>InitializeBuildStatus:
         Creating "PointClient.dir\Debug\PointClient.unsuccessfulbuild" because "AlwaysCreate" was specified.
       CustomBuild:
         All outputs are up-to-date.
       ClCompile:
         All outputs are up-to-date.
       ManifestResourceCompile:
         All outputs are up-to-date.
       Link:
         c:\Program Files\Microsoft Visual Studio 10.0\VC\bin\link.exe /ERRORREPORT:PROMPT /OUT:"C:\mnich2\OpenIGTLink-1\Blds\bin\Debug\PointClient.exe" /INCREMENTAL /NOLOGO kernel32.lib user32.lib gdi32.lib winspool.lib shell32.lib ole32.lib oleaut32.lib uuid.lib comdlg32.lib advapi32.lib ..\..\bin\Debug\OpenIGTLink.lib ws2_32.lib wsock32.lib /MANIFEST /ManifestFile:"PointClient.dir\Debug\PointClient.exe.intermediate.manifest" /MANIFESTUAC:"level='asInvoker' uiAccess='false'" /DEBUG /PDB:"C:/mnich2/OpenIGTLink-1/Blds/bin/Debug/PointClient.pdb" /SUBSYSTEM:CONSOLE /TLBID:1 /DYNAMICBASE /NXCOMPAT /IMPLIB:"C:/mnich2/OpenIGTLink-1/Blds/bin/Debug/PointClient.lib" /MACHINE:X86 PointClient.dir\Debug\PointClient.exe.embed.manifest.res
         PointClient.dir\Debug\PointClient.obj  /machine:X86 /debug 
            Creating library C:/mnich2/OpenIGTLink-1/Blds/bin/Debug/PointClient.lib and object C:/mnich2/OpenIGTLink-1/Blds/bin/Debug/PointClient.exp
       Manifest:
         C:\Program Files\Microsoft SDKs\Windows\v7.0A\bin\mt.exe /nologo /verbose /out:"PointClient.dir\Debug\PointClient.exe.embed.manifest" /manifest PointClient.dir\Debug\PointClient.exe.intermediate.manifest
         All outputs are up-to-date.
       LinkEmbedManifest:
         All outputs are up-to-date.
         PointClient.vcxproj -> C:\mnich2\OpenIGTLink-1\Blds\bin\Debug\PointClient.exe
       FinalizeBuildStatus:
         Deleting file "PointClient.dir\Debug\PointClient.unsuccessfulbuild".
         Touching "PointClient.dir\Debug\PointClient.lastbuildstate".
     1>Done Building Project "C:\mnich2\OpenIGTLink-1\Blds\Examples\Point\PointClient.vcxproj" (build target(s)).

Build succeeded.

Time Elapsed 00:00:00.77
