Build started 2017-03-13 12:45:24.
     1>Project "C:\mnich2\OpenIGTLink-1\Blds\Examples\PolyData\PolyDataServer.vcxproj" on node 3 (build target(s)).
     1>InitializeBuildStatus:
         Creating "PolyDataServer.dir\Debug\PolyDataServer.unsuccessfulbuild" because "AlwaysCreate" was specified.
       CustomBuild:
         All outputs are up-to-date.
       ClCompile:
         All outputs are up-to-date.
       ManifestResourceCompile:
         All outputs are up-to-date.
       Link:
         c:\Program Files\Microsoft Visual Studio 10.0\VC\bin\link.exe /ERRORREPORT:PROMPT /OUT:"C:\mnich2\OpenIGTLink-1\Blds\bin\Debug\PolyDataServer.exe" /INCREMENTAL /NOLOGO kernel32.lib user32.lib gdi32.lib winspool.lib shell32.lib ole32.lib oleaut32.lib uuid.lib comdlg32.lib advapi32.lib ..\..\bin\Debug\OpenIGTLink.lib ws2_32.lib wsock32.lib /MANIFEST /ManifestFile:"PolyDataServer.dir\Debug\PolyDataServer.exe.intermediate.manifest" /MANIFESTUAC:"level='asInvoker' uiAccess='false'" /DEBUG /PDB:"C:/mnich2/OpenIGTLink-1/Blds/bin/Debug/PolyDataServer.pdb" /SUBSYSTEM:CONSOLE /TLBID:1 /DYNAMICBASE /NXCOMPAT /IMPLIB:"C:/mnich2/OpenIGTLink-1/Blds/bin/Debug/PolyDataServer.lib" /MACHINE:X86 PolyDataServer.dir\Debug\PolyDataServer.exe.embed.manifest.res
         PolyDataServer.dir\Debug\PolyDataServer.obj  /machine:X86 /debug 
            Creating library C:/mnich2/OpenIGTLink-1/Blds/bin/Debug/PolyDataServer.lib and object C:/mnich2/OpenIGTLink-1/Blds/bin/Debug/PolyDataServer.exp
       Manifest:
         C:\Program Files\Microsoft SDKs\Windows\v7.0A\bin\mt.exe /nologo /verbose /out:"PolyDataServer.dir\Debug\PolyDataServer.exe.embed.manifest" /manifest PolyDataServer.dir\Debug\PolyDataServer.exe.intermediate.manifest
         All outputs are up-to-date.
       LinkEmbedManifest:
         All outputs are up-to-date.
         PolyDataServer.vcxproj -> C:\mnich2\OpenIGTLink-1\Blds\bin\Debug\PolyDataServer.exe
       FinalizeBuildStatus:
         Deleting file "PolyDataServer.dir\Debug\PolyDataServer.unsuccessfulbuild".
         Touching "PolyDataServer.dir\Debug\PolyDataServer.lastbuildstate".
     1>Done Building Project "C:\mnich2\OpenIGTLink-1\Blds\Examples\PolyData\PolyDataServer.vcxproj" (build target(s)).

Build succeeded.

Time Elapsed 00:00:00.71
