Build started 2017-03-13 12:45:16.
     1>Project "C:\mnich2\OpenIGTLink-1\Blds\Examples\Tracker\TrackerClient2.vcxproj" on node 2 (build target(s)).
     1>InitializeBuildStatus:
         Creating "TrackerClient2.dir\Debug\TrackerClient2.unsuccessfulbuild" because "AlwaysCreate" was specified.
       CustomBuild:
         All outputs are up-to-date.
       ClCompile:
         All outputs are up-to-date.
       ManifestResourceCompile:
         All outputs are up-to-date.
       Link:
         c:\Program Files\Microsoft Visual Studio 10.0\VC\bin\link.exe /ERRORREPORT:PROMPT /OUT:"C:\mnich2\OpenIGTLink-1\Blds\bin\Debug\TrackerClient2.exe" /INCREMENTAL /NOLOGO kernel32.lib user32.lib gdi32.lib winspool.lib shell32.lib ole32.lib oleaut32.lib uuid.lib comdlg32.lib advapi32.lib ..\..\bin\Debug\OpenIGTLink.lib ws2_32.lib wsock32.lib /MANIFEST /ManifestFile:"TrackerClient2.dir\Debug\TrackerClient2.exe.intermediate.manifest" /MANIFESTUAC:"level='asInvoker' uiAccess='false'" /DEBUG /PDB:"C:/mnich2/OpenIGTLink-1/Blds/bin/Debug/TrackerClient2.pdb" /SUBSYSTEM:CONSOLE /TLBID:1 /DYNAMICBASE /NXCOMPAT /IMPLIB:"C:/mnich2/OpenIGTLink-1/Blds/bin/Debug/TrackerClient2.lib" /MACHINE:X86 TrackerClient2.dir\Debug\TrackerClient2.exe.embed.manifest.res
         TrackerClient2.dir\Debug\TrackerClient2.obj  /machine:X86 /debug 
            Creating library C:/mnich2/OpenIGTLink-1/Blds/bin/Debug/TrackerClient2.lib and object C:/mnich2/OpenIGTLink-1/Blds/bin/Debug/TrackerClient2.exp
       Manifest:
         C:\Program Files\Microsoft SDKs\Windows\v7.0A\bin\mt.exe /nologo /verbose /out:"TrackerClient2.dir\Debug\TrackerClient2.exe.embed.manifest" /manifest TrackerClient2.dir\Debug\TrackerClient2.exe.intermediate.manifest
         All outputs are up-to-date.
       LinkEmbedManifest:
         All outputs are up-to-date.
         TrackerClient2.vcxproj -> C:\mnich2\OpenIGTLink-1\Blds\bin\Debug\TrackerClient2.exe
       FinalizeBuildStatus:
         Deleting file "TrackerClient2.dir\Debug\TrackerClient2.unsuccessfulbuild".
         Touching "TrackerClient2.dir\Debug\TrackerClient2.lastbuildstate".
     1>Done Building Project "C:\mnich2\OpenIGTLink-1\Blds\Examples\Tracker\TrackerClient2.vcxproj" (build target(s)).

Build succeeded.

Time Elapsed 00:00:00.61
