Build started 2017-03-13 12:45:35.
     1>Project "C:\mnich2\OpenIGTLink-1\Blds\Examples\ImageMeta\ImageMetaServer.vcxproj" on node 3 (build target(s)).
     1>InitializeBuildStatus:
         Creating "ImageMetaServer.dir\Debug\ImageMetaServer.unsuccessfulbuild" because "AlwaysCreate" was specified.
       CustomBuild:
         All outputs are up-to-date.
       ClCompile:
         All outputs are up-to-date.
       ManifestResourceCompile:
         All outputs are up-to-date.
       Link:
         c:\Program Files\Microsoft Visual Studio 10.0\VC\bin\link.exe /ERRORREPORT:PROMPT /OUT:"C:\mnich2\OpenIGTLink-1\Blds\bin\Debug\ImageMetaServer.exe" /INCREMENTAL /NOLOGO kernel32.lib user32.lib gdi32.lib winspool.lib shell32.lib ole32.lib oleaut32.lib uuid.lib comdlg32.lib advapi32.lib ..\..\bin\Debug\OpenIGTLink.lib ws2_32.lib wsock32.lib /MANIFEST /ManifestFile:"ImageMetaServer.dir\Debug\ImageMetaServer.exe.intermediate.manifest" /MANIFESTUAC:"level='asInvoker' uiAccess='false'" /DEBUG /PDB:"C:/mnich2/OpenIGTLink-1/Blds/bin/Debug/ImageMetaServer.pdb" /SUBSYSTEM:CONSOLE /TLBID:1 /DYNAMICBASE /NXCOMPAT /IMPLIB:"C:/mnich2/OpenIGTLink-1/Blds/bin/Debug/ImageMetaServer.lib" /MACHINE:X86 ImageMetaServer.dir\Debug\ImageMetaServer.exe.embed.manifest.res
         ImageMetaServer.dir\Debug\ImageMetaServer.obj  /machine:X86 /debug 
            Creating library C:/mnich2/OpenIGTLink-1/Blds/bin/Debug/ImageMetaServer.lib and object C:/mnich2/OpenIGTLink-1/Blds/bin/Debug/ImageMetaServer.exp
       Manifest:
         C:\Program Files\Microsoft SDKs\Windows\v7.0A\bin\mt.exe /nologo /verbose /out:"ImageMetaServer.dir\Debug\ImageMetaServer.exe.embed.manifest" /manifest ImageMetaServer.dir\Debug\ImageMetaServer.exe.intermediate.manifest
         All outputs are up-to-date.
       LinkEmbedManifest:
         All outputs are up-to-date.
         ImageMetaServer.vcxproj -> C:\mnich2\OpenIGTLink-1\Blds\bin\Debug\ImageMetaServer.exe
       FinalizeBuildStatus:
         Deleting file "ImageMetaServer.dir\Debug\ImageMetaServer.unsuccessfulbuild".
         Touching "ImageMetaServer.dir\Debug\ImageMetaServer.lastbuildstate".
     1>Done Building Project "C:\mnich2\OpenIGTLink-1\Blds\Examples\ImageMeta\ImageMetaServer.vcxproj" (build target(s)).

Build succeeded.

Time Elapsed 00:00:00.93
