Build started 2017-03-13 12:45:24.
     1>Project "C:\mnich2\OpenIGTLink-1\Blds\Examples\QuaternionTrackingData\QuaternionTrackingDataClient.vcxproj" on node 2 (build target(s)).
     1>InitializeBuildStatus:
         Creating "QuaternionTrackingDataClient.dir\Debug\QuaternionTrackingDataClient.unsuccessfulbuild" because "AlwaysCreate" was specified.
       CustomBuild:
         All outputs are up-to-date.
       ClCompile:
         All outputs are up-to-date.
       ManifestResourceCompile:
         All outputs are up-to-date.
       Link:
         c:\Program Files\Microsoft Visual Studio 10.0\VC\bin\link.exe /ERRORREPORT:PROMPT /OUT:"C:\mnich2\OpenIGTLink-1\Blds\bin\Debug\QuaternionTrackingDataClient.exe" /INCREMENTAL /NOLOGO kernel32.lib user32.lib gdi32.lib winspool.lib shell32.lib ole32.lib oleaut32.lib uuid.lib comdlg32.lib advapi32.lib ..\..\bin\Debug\OpenIGTLink.lib ws2_32.lib wsock32.lib /MANIFEST /ManifestFile:"QuaternionTrackingDataClient.dir\Debug\QuaternionTrackingDataClient.exe.intermediate.manifest" /MANIFESTUAC:"level='asInvoker' uiAccess='false'" /DEBUG /PDB:"C:/mnich2/OpenIGTLink-1/Blds/bin/Debug/QuaternionTrackingDataClient.pdb" /SUBSYSTEM:CONSOLE /TLBID:1 /DYNAMICBASE /NXCOMPAT /IMPLIB:"C:/mnich2/OpenIGTLink-1/Blds/bin/Debug/QuaternionTrackingDataClient.lib" /MACHINE:X86 QuaternionTrackingDataClient.dir\Debug\QuaternionTrackingDataClient.exe.embed.manifest.res
         QuaternionTrackingDataClient.dir\Debug\QuaternionTrackingDataClient.obj  /machine:X86 /debug 
            Creating library C:/mnich2/OpenIGTLink-1/Blds/bin/Debug/QuaternionTrackingDataClient.lib and object C:/mnich2/OpenIGTLink-1/Blds/bin/Debug/QuaternionTrackingDataClient.exp
       Manifest:
         C:\Program Files\Microsoft SDKs\Windows\v7.0A\bin\mt.exe /nologo /verbose /out:"QuaternionTrackingDataClient.dir\Debug\QuaternionTrackingDataClient.exe.embed.manifest" /manifest QuaternionTrackingDataClient.dir\Debug\QuaternionTrackingDataClient.exe.intermediate.manifest
         All outputs are up-to-date.
       LinkEmbedManifest:
         All outputs are up-to-date.
         QuaternionTrackingDataClient.vcxproj -> C:\mnich2\OpenIGTLink-1\Blds\bin\Debug\QuaternionTrackingDataClient.exe
       FinalizeBuildStatus:
         Deleting file "QuaternionTrackingDataClient.dir\Debug\QuaternionTrackingDataClient.unsuccessfulbuild".
         Touching "QuaternionTrackingDataClient.dir\Debug\QuaternionTrackingDataClient.lastbuildstate".
     1>Done Building Project "C:\mnich2\OpenIGTLink-1\Blds\Examples\QuaternionTrackingData\QuaternionTrackingDataClient.vcxproj" (build target(s)).

Build succeeded.

Time Elapsed 00:00:00.67
