Build started 2017-03-13 12:45:21.
     1>Project "C:\mnich2\OpenIGTLink-1\Blds\Examples\Receiver\ReceiveServer.vcxproj" on node 2 (build target(s)).
     1>InitializeBuildStatus:
         Creating "ReceiveServer.dir\Debug\ReceiveServer.unsuccessfulbuild" because "AlwaysCreate" was specified.
       CustomBuild:
         All outputs are up-to-date.
       ClCompile:
         All outputs are up-to-date.
       ManifestResourceCompile:
         All outputs are up-to-date.
       Link:
         c:\Program Files\Microsoft Visual Studio 10.0\VC\bin\link.exe /ERRORREPORT:PROMPT /OUT:"C:\mnich2\OpenIGTLink-1\Blds\bin\Debug\ReceiveServer.exe" /INCREMENTAL /NOLOGO kernel32.lib user32.lib gdi32.lib winspool.lib shell32.lib ole32.lib oleaut32.lib uuid.lib comdlg32.lib advapi32.lib ..\..\bin\Debug\OpenIGTLink.lib ws2_32.lib wsock32.lib /MANIFEST /ManifestFile:"ReceiveServer.dir\Debug\ReceiveServer.exe.intermediate.manifest" /MANIFESTUAC:"level='asInvoker' uiAccess='false'" /DEBUG /PDB:"C:/mnich2/OpenIGTLink-1/Blds/bin/Debug/ReceiveServer.pdb" /SUBSYSTEM:CONSOLE /TLBID:1 /DYNAMICBASE /NXCOMPAT /IMPLIB:"C:/mnich2/OpenIGTLink-1/Blds/bin/Debug/ReceiveServer.lib" /MACHINE:X86 ReceiveServer.dir\Debug\ReceiveServer.exe.embed.manifest.res
         ReceiveServer.dir\Debug\ReceiveServer.obj  /machine:X86 /debug 
            Creating library C:/mnich2/OpenIGTLink-1/Blds/bin/Debug/ReceiveServer.lib and object C:/mnich2/OpenIGTLink-1/Blds/bin/Debug/ReceiveServer.exp
       Manifest:
         C:\Program Files\Microsoft SDKs\Windows\v7.0A\bin\mt.exe /nologo /verbose /out:"ReceiveServer.dir\Debug\ReceiveServer.exe.embed.manifest" /manifest ReceiveServer.dir\Debug\ReceiveServer.exe.intermediate.manifest
         All outputs are up-to-date.
       LinkEmbedManifest:
         All outputs are up-to-date.
         ReceiveServer.vcxproj -> C:\mnich2\OpenIGTLink-1\Blds\bin\Debug\ReceiveServer.exe
       FinalizeBuildStatus:
         Deleting file "ReceiveServer.dir\Debug\ReceiveServer.unsuccessfulbuild".
         Touching "ReceiveServer.dir\Debug\ReceiveServer.lastbuildstate".
     1>Done Building Project "C:\mnich2\OpenIGTLink-1\Blds\Examples\Receiver\ReceiveServer.vcxproj" (build target(s)).

Build succeeded.

Time Elapsed 00:00:01.51
