Build started 2017-03-13 12:45:25.
     1>Project "C:\mnich2\OpenIGTLink-1\Blds\Examples\PolyData\PolyDataClient.vcxproj" on node 2 (build target(s)).
     1>InitializeBuildStatus:
         Creating "PolyDataClient.dir\Debug\PolyDataClient.unsuccessfulbuild" because "AlwaysCreate" was specified.
       CustomBuild:
         All outputs are up-to-date.
       ClCompile:
         All outputs are up-to-date.
       ManifestResourceCompile:
         All outputs are up-to-date.
       Link:
         c:\Program Files\Microsoft Visual Studio 10.0\VC\bin\link.exe /ERRORREPORT:PROMPT /OUT:"C:\mnich2\OpenIGTLink-1\Blds\bin\Debug\PolyDataClient.exe" /INCREMENTAL /NOLOGO kernel32.lib user32.lib gdi32.lib winspool.lib shell32.lib ole32.lib oleaut32.lib uuid.lib comdlg32.lib advapi32.lib ..\..\bin\Debug\OpenIGTLink.lib ws2_32.lib wsock32.lib /MANIFEST /ManifestFile:"PolyDataClient.dir\Debug\PolyDataClient.exe.intermediate.manifest" /MANIFESTUAC:"level='asInvoker' uiAccess='false'" /DEBUG /PDB:"C:/mnich2/OpenIGTLink-1/Blds/bin/Debug/PolyDataClient.pdb" /SUBSYSTEM:CONSOLE /TLBID:1 /DYNAMICBASE /NXCOMPAT /IMPLIB:"C:/mnich2/OpenIGTLink-1/Blds/bin/Debug/PolyDataClient.lib" /MACHINE:X86 PolyDataClient.dir\Debug\PolyDataClient.exe.embed.manifest.res
         PolyDataClient.dir\Debug\PolyDataClient.obj  /machine:X86 /debug 
            Creating library C:/mnich2/OpenIGTLink-1/Blds/bin/Debug/PolyDataClient.lib and object C:/mnich2/OpenIGTLink-1/Blds/bin/Debug/PolyDataClient.exp
       Manifest:
         C:\Program Files\Microsoft SDKs\Windows\v7.0A\bin\mt.exe /nologo /verbose /out:"PolyDataClient.dir\Debug\PolyDataClient.exe.embed.manifest" /manifest PolyDataClient.dir\Debug\PolyDataClient.exe.intermediate.manifest
         All outputs are up-to-date.
       LinkEmbedManifest:
         All outputs are up-to-date.
         PolyDataClient.vcxproj -> C:\mnich2\OpenIGTLink-1\Blds\bin\Debug\PolyDataClient.exe
       FinalizeBuildStatus:
         Deleting file "PolyDataClient.dir\Debug\PolyDataClient.unsuccessfulbuild".
         Touching "PolyDataClient.dir\Debug\PolyDataClient.lastbuildstate".
     1>Done Building Project "C:\mnich2\OpenIGTLink-1\Blds\Examples\PolyData\PolyDataClient.vcxproj" (build target(s)).

Build succeeded.

Time Elapsed 00:00:00.83
