Build started 2017-03-13 12:45:37.
     1>Project "C:\mnich2\OpenIGTLink-1\Blds\Examples\ImageDatabaseServer\ImageDatabaseServer.vcxproj" on node 3 (build target(s)).
     1>InitializeBuildStatus:
         Creating "ImageDatabaseServer.dir\Debug\ImageDatabaseServer.unsuccessfulbuild" because "AlwaysCreate" was specified.
       CustomBuild:
         All outputs are up-to-date.
       ClCompile:
         All outputs are up-to-date.
       ManifestResourceCompile:
         All outputs are up-to-date.
       Link:
         c:\Program Files\Microsoft Visual Studio 10.0\VC\bin\link.exe /ERRORREPORT:PROMPT /OUT:"C:\mnich2\OpenIGTLink-1\Blds\bin\Debug\ImageDatabaseServer.exe" /INCREMENTAL /NOLOGO kernel32.lib user32.lib gdi32.lib winspool.lib shell32.lib ole32.lib oleaut32.lib uuid.lib comdlg32.lib advapi32.lib ..\..\bin\Debug\OpenIGTLink.lib ws2_32.lib wsock32.lib /MANIFEST /ManifestFile:"ImageDatabaseServer.dir\Debug\ImageDatabaseServer.exe.intermediate.manifest" /MANIFESTUAC:"level='asInvoker' uiAccess='false'" /DEBUG /PDB:"C:/mnich2/OpenIGTLink-1/Blds/bin/Debug/ImageDatabaseServer.pdb" /SUBSYSTEM:CONSOLE /TLBID:1 /DYNAMICBASE /NXCOMPAT /IMPLIB:"C:/mnich2/OpenIGTLink-1/Blds/bin/Debug/ImageDatabaseServer.lib" /MACHINE:X86 ImageDatabaseServer.dir\Debug\ImageDatabaseServer.exe.embed.manifest.res
         ImageDatabaseServer.dir\Debug\ImageDatabaseServer.obj  /machine:X86 /debug 
            Creating library C:/mnich2/OpenIGTLink-1/Blds/bin/Debug/ImageDatabaseServer.lib and object C:/mnich2/OpenIGTLink-1/Blds/bin/Debug/ImageDatabaseServer.exp
       Manifest:
         C:\Program Files\Microsoft SDKs\Windows\v7.0A\bin\mt.exe /nologo /verbose /out:"ImageDatabaseServer.dir\Debug\ImageDatabaseServer.exe.embed.manifest" /manifest ImageDatabaseServer.dir\Debug\ImageDatabaseServer.exe.intermediate.manifest
         All outputs are up-to-date.
       LinkEmbedManifest:
         All outputs are up-to-date.
         ImageDatabaseServer.vcxproj -> C:\mnich2\OpenIGTLink-1\Blds\bin\Debug\ImageDatabaseServer.exe
       FinalizeBuildStatus:
         Deleting file "ImageDatabaseServer.dir\Debug\ImageDatabaseServer.unsuccessfulbuild".
         Touching "ImageDatabaseServer.dir\Debug\ImageDatabaseServer.lastbuildstate".
     1>Done Building Project "C:\mnich2\OpenIGTLink-1\Blds\Examples\ImageDatabaseServer\ImageDatabaseServer.vcxproj" (build target(s)).

Build succeeded.

Time Elapsed 00:00:00.65
