Build started 2017-03-13 12:45:22.
     1>Project "C:\mnich2\OpenIGTLink-1\Blds\Examples\Bind\BindClient.vcxproj" on node 3 (build target(s)).
     1>InitializeBuildStatus:
         Creating "BindClient.dir\Debug\BindClient.unsuccessfulbuild" because "AlwaysCreate" was specified.
       CustomBuild:
         All outputs are up-to-date.
       ClCompile:
         All outputs are up-to-date.
       ManifestResourceCompile:
         All outputs are up-to-date.
       Link:
         c:\Program Files\Microsoft Visual Studio 10.0\VC\bin\link.exe /ERRORREPORT:PROMPT /OUT:"C:\mnich2\OpenIGTLink-1\Blds\bin\Debug\BindClient.exe" /INCREMENTAL /NOLOGO kernel32.lib user32.lib gdi32.lib winspool.lib shell32.lib ole32.lib oleaut32.lib uuid.lib comdlg32.lib advapi32.lib ..\..\bin\Debug\OpenIGTLink.lib ws2_32.lib wsock32.lib /MANIFEST /ManifestFile:"BindClient.dir\Debug\BindClient.exe.intermediate.manifest" /MANIFESTUAC:"level='asInvoker' uiAccess='false'" /DEBUG /PDB:"C:/mnich2/OpenIGTLink-1/Blds/bin/Debug/BindClient.pdb" /SUBSYSTEM:CONSOLE /TLBID:1 /DYNAMICBASE /NXCOMPAT /IMPLIB:"C:/mnich2/OpenIGTLink-1/Blds/bin/Debug/BindClient.lib" /MACHINE:X86 BindClient.dir\Debug\BindClient.exe.embed.manifest.res
         BindClient.dir\Debug\BindClient.obj  /machine:X86 /debug 
            Creating library C:/mnich2/OpenIGTLink-1/Blds/bin/Debug/BindClient.lib and object C:/mnich2/OpenIGTLink-1/Blds/bin/Debug/BindClient.exp
       Manifest:
         C:\Program Files\Microsoft SDKs\Windows\v7.0A\bin\mt.exe /nologo /verbose /out:"BindClient.dir\Debug\BindClient.exe.embed.manifest" /manifest BindClient.dir\Debug\BindClient.exe.intermediate.manifest
         All outputs are up-to-date.
       LinkEmbedManifest:
         All outputs are up-to-date.
         BindClient.vcxproj -> C:\mnich2\OpenIGTLink-1\Blds\bin\Debug\BindClient.exe
       FinalizeBuildStatus:
         Deleting file "BindClient.dir\Debug\BindClient.unsuccessfulbuild".
         Touching "BindClient.dir\Debug\BindClient.lastbuildstate".
     1>Done Building Project "C:\mnich2\OpenIGTLink-1\Blds\Examples\Bind\BindClient.vcxproj" (build target(s)).

Build succeeded.

Time Elapsed 00:00:01.81
