Build started 2017-03-13 12:45:33.
     1>Project "C:\mnich2\OpenIGTLink-1\Blds\Examples\Imager\ImagerServer3.vcxproj" on node 3 (build target(s)).
     1>InitializeBuildStatus:
         Creating "ImagerServer3.dir\Debug\ImagerServer3.unsuccessfulbuild" because "AlwaysCreate" was specified.
       CustomBuild:
         All outputs are up-to-date.
       ClCompile:
         All outputs are up-to-date.
       ManifestResourceCompile:
         All outputs are up-to-date.
       Link:
         c:\Program Files\Microsoft Visual Studio 10.0\VC\bin\link.exe /ERRORREPORT:PROMPT /OUT:"C:\mnich2\OpenIGTLink-1\Blds\bin\Debug\ImagerServer3.exe" /INCREMENTAL /NOLOGO kernel32.lib user32.lib gdi32.lib winspool.lib shell32.lib ole32.lib oleaut32.lib uuid.lib comdlg32.lib advapi32.lib ..\..\bin\Debug\OpenIGTLink.lib ws2_32.lib wsock32.lib /MANIFEST /ManifestFile:"ImagerServer3.dir\Debug\ImagerServer3.exe.intermediate.manifest" /MANIFESTUAC:"level='asInvoker' uiAccess='false'" /DEBUG /PDB:"C:/mnich2/OpenIGTLink-1/Blds/bin/Debug/ImagerServer3.pdb" /SUBSYSTEM:CONSOLE /TLBID:1 /DYNAMICBASE /NXCOMPAT /IMPLIB:"C:/mnich2/OpenIGTLink-1/Blds/bin/Debug/ImagerServer3.lib" /MACHINE:X86 ImagerServer3.dir\Debug\ImagerServer3.exe.embed.manifest.res
         ImagerServer3.dir\Debug\ImagerServer3.obj  /machine:X86 /debug 
            Creating library C:/mnich2/OpenIGTLink-1/Blds/bin/Debug/ImagerServer3.lib and object C:/mnich2/OpenIGTLink-1/Blds/bin/Debug/ImagerServer3.exp
       Manifest:
         C:\Program Files\Microsoft SDKs\Windows\v7.0A\bin\mt.exe /nologo /verbose /out:"ImagerServer3.dir\Debug\ImagerServer3.exe.embed.manifest" /manifest ImagerServer3.dir\Debug\ImagerServer3.exe.intermediate.manifest
         All outputs are up-to-date.
       LinkEmbedManifest:
         All outputs are up-to-date.
         ImagerServer3.vcxproj -> C:\mnich2\OpenIGTLink-1\Blds\bin\Debug\ImagerServer3.exe
       FinalizeBuildStatus:
         Deleting file "ImagerServer3.dir\Debug\ImagerServer3.unsuccessfulbuild".
         Touching "ImagerServer3.dir\Debug\ImagerServer3.lastbuildstate".
     1>Done Building Project "C:\mnich2\OpenIGTLink-1\Blds\Examples\Imager\ImagerServer3.vcxproj" (build target(s)).

Build succeeded.

Time Elapsed 00:00:00.80
