C:\MNICH2\OPENIGTLINK-1\BLDS\CMAKEFILES\GENERATE.STAMP
C:\MNICH2\OPENIGTLINK-1\BLDS\EXAMPLES\BIND\CMAKEFILES\GENERATE.STAMP
C:\MNICH2\OPENIGTLINK-1\BLDS\EXAMPLES\CAPABILITY\CMAKEFILES\GENERATE.STAMP
C:\MNICH2\OPENIGTLINK-1\BLDS\EXAMPLES\CMAKEFILES\GENERATE.STAMP
C:\MNICH2\OPENIGTLINK-1\BLDS\EXAMPLES\IMAGEDATABASESERVER\CMAKEFILES\GENERATE.STAMP
C:\MNICH2\OPENIGTLINK-1\BLDS\EXAMPLES\IMAGEMETA\CMAKEFILES\GENERATE.STAMP
C:\MNICH2\OPENIGTLINK-1\BLDS\EXAMPLES\IMAGER\CMAKEFILES\GENERATE.STAMP
C:\MNICH2\OPENIGTLINK-1\BLDS\EXAMPLES\LAB_PWP\CMAKEFILES\GENERATE.STAMP
C:\MNICH2\OPENIGTLINK-1\BLDS\EXAMPLES\POINT\CMAKEFILES\GENERATE.STAMP
C:\MNICH2\OPENIGTLINK-1\BLDS\EXAMPLES\POLYDATA\CMAKEFILES\GENERATE.STAMP
C:\MNICH2\OPENIGTLINK-1\BLDS\EXAMPLES\QUATERNIONTRACKINGDATA\CMAKEFILES\GENERATE.STAMP
C:\MNICH2\OPENIGTLINK-1\BLDS\EXAMPLES\RECEIVER\CMAKEFILES\GENERATE.STAMP
C:\MNICH2\OPENIGTLINK-1\BLDS\EXAMPLES\SESSIONMANAGER\CMAKEFILES\GENERATE.STAMP
C:\MNICH2\OPENIGTLINK-1\BLDS\EXAMPLES\STATUS\CMAKEFILES\GENERATE.STAMP
C:\MNICH2\OPENIGTLINK-1\BLDS\EXAMPLES\STRING\CMAKEFILES\GENERATE.STAMP
C:\MNICH2\OPENIGTLINK-1\BLDS\EXAMPLES\THREAD\CMAKEFILES\GENERATE.STAMP
C:\MNICH2\OPENIGTLINK-1\BLDS\EXAMPLES\TRACKER\CMAKEFILES\GENERATE.STAMP
C:\MNICH2\OPENIGTLINK-1\BLDS\EXAMPLES\TRACKINGDATA\CMAKEFILES\GENERATE.STAMP
C:\MNICH2\OPENIGTLINK-1\BLDS\EXAMPLES\TRAJECTORY\CMAKEFILES\GENERATE.STAMP
C:\MNICH2\OPENIGTLINK-1\BLDS\SOURCE\CMAKEFILES\GENERATE.STAMP
C:\MNICH2\OPENIGTLINK-1\BLDS\SOURCE\IGTLUTIL\CMAKEFILES\GENERATE.STAMP
C:\MNICH2\OPENIGTLINK-1\BLDS\TESTING\CMAKEFILES\GENERATE.STAMP
C:\MNICH2\OPENIGTLINK-1\BLDS\TESTING\GMOCK-BUILD\CMAKEFILES\GENERATE.STAMP
C:\MNICH2\OPENIGTLINK-1\BLDS\TESTING\GMOCK-BUILD\GTEST\CMAKEFILES\GENERATE.STAMP
C:\MNICH2\OPENIGTLINK-1\BLDS\TESTING\IGTLUTIL\CMAKEFILES\GENERATE.STAMP
C:\MNICH2\OPENIGTLINK-1\BLDS\TOOLS\CMAKEFILES\GENERATE.STAMP
C:\mnich2\OpenIGTLink-1\Blds\Win32\Debug\ZERO_CHECK\custombuild.command.1.tlog
C:\mnich2\OpenIGTLink-1\Blds\Win32\Debug\ZERO_CHECK\custombuild.read.1.tlog
C:\mnich2\OpenIGTLink-1\Blds\Win32\Debug\ZERO_CHECK\custombuild.write.1.tlog
