Build started 2017-03-13 13:18:28.
     1>Project "C:\mnich2\OpenIGTLink-1\Blds\ZERO_CHECK.vcxproj" on node 2 (rebuild target(s)).
     1>_PrepareForClean:
         Deleting file "Win32\Debug\ZERO_CHECK\ZERO_CHECK.lastbuildstate".
       InitializeBuildStatus:
         Creating "Win32\Debug\ZERO_CHECK\ZERO_CHECK.unsuccessfulbuild" because "AlwaysCreate" was specified.
       CustomBuild:
         Checking Build System
         CMake does not need to re-run because C:/mnich2/OpenIGTLink-1/Blds/CMakeFiles/generate.stamp is up-to-date.
         CMake does not need to re-run because C:/mnich2/OpenIGTLink-1/Blds/Source/CMakeFiles/generate.stamp is up-to-date.
         CMake does not need to re-run because C:/mnich2/OpenIGTLink-1/Blds/Source/igtlutil/CMakeFiles/generate.stamp is up-to-date.
         CMake does not need to re-run because C:/mnich2/OpenIGTLink-1/Blds/Tools/CMakeFiles/generate.stamp is up-to-date.
         CMake does not need to re-run because C:/mnich2/OpenIGTLink-1/Blds/Examples/CMakeFiles/generate.stamp is up-to-date.
         CMake does not need to re-run because C:/mnich2/OpenIGTLink-1/Blds/Examples/Tracker/CMakeFiles/generate.stamp is up-to-date.
         CMake does not need to re-run because C:/mnich2/OpenIGTLink-1/Blds/Examples/Imager/CMakeFiles/generate.stamp is up-to-date.
         CMake does not need to re-run because C:/mnich2/OpenIGTLink-1/Blds/Examples/Status/CMakeFiles/generate.stamp is up-to-date.
         CMake does not need to re-run because C:/mnich2/OpenIGTLink-1/Blds/Examples/Receiver/CMakeFiles/generate.stamp is up-to-date.
         CMake does not need to re-run because C:/mnich2/OpenIGTLink-1/Blds/Examples/Thread/CMakeFiles/generate.stamp is up-to-date.
         CMake does not need to re-run because C:/mnich2/OpenIGTLink-1/Blds/Examples/ImageMeta/CMakeFiles/generate.stamp is up-to-date.
         CMake does not need to re-run because C:/mnich2/OpenIGTLink-1/Blds/Examples/Point/CMakeFiles/generate.stamp is up-to-date.
         CMake does not need to re-run because C:/mnich2/OpenIGTLink-1/Blds/Examples/TrackingData/CMakeFiles/generate.stamp is up-to-date.
         CMake does not need to re-run because C:/mnich2/OpenIGTLink-1/Blds/Examples/QuaternionTrackingData/CMakeFiles/generate.stamp is up-to-date.
         CMake does not need to re-run because C:/mnich2/OpenIGTLink-1/Blds/Examples/ImageDatabaseServer/CMakeFiles/generate.stamp is up-to-date.
         CMake does not need to re-run because C:/mnich2/OpenIGTLink-1/Blds/Examples/String/CMakeFiles/generate.stamp is up-to-date.
         CMake does not need to re-run because C:/mnich2/OpenIGTLink-1/Blds/Examples/Bind/CMakeFiles/generate.stamp is up-to-date.
         CMake does not need to re-run because C:/mnich2/OpenIGTLink-1/Blds/Examples/PolyData/CMakeFiles/generate.stamp is up-to-date.
         CMake does not need to re-run because C:/mnich2/OpenIGTLink-1/Blds/Examples/Capability/CMakeFiles/generate.stamp is up-to-date.
         CMake does not need to re-run because C:/mnich2/OpenIGTLink-1/Blds/Examples/Trajectory/CMakeFiles/generate.stamp is up-to-date.
         CMake does not need to re-run because C:/mnich2/OpenIGTLink-1/Blds/Examples/SessionManager/CMakeFiles/generate.stamp is up-to-date.
         CMake does not need to re-run because C:/mnich2/OpenIGTLink-1/Blds/Examples/Lab_PWP/CMakeFiles/generate.stamp is up-to-date.
         CMake does not need to re-run because C:/mnich2/OpenIGTLink-1/Blds/Testing/CMakeFiles/generate.stamp is up-to-date.
         CMake does not need to re-run because C:/mnich2/OpenIGTLink-1/Blds/Testing/igtlutil/CMakeFiles/generate.stamp is up-to-date.
         CMake does not need to re-run because C:/mnich2/OpenIGTLink-1/Blds/Testing/gmock-build/CMakeFiles/generate.stamp is up-to-date.
         CMake does not need to re-run because C:/mnich2/OpenIGTLink-1/Blds/Testing/gmock-build/gtest/CMakeFiles/generate.stamp is up-to-date.
       FinalizeBuildStatus:
         Deleting file "Win32\Debug\ZERO_CHECK\ZERO_CHECK.unsuccessfulbuild".
         Touching "Win32\Debug\ZERO_CHECK\ZERO_CHECK.lastbuildstate".
     1>Done Building Project "C:\mnich2\OpenIGTLink-1\Blds\ZERO_CHECK.vcxproj" (rebuild target(s)).

Build succeeded.

Time Elapsed 00:00:00.16
