Build started 2017-03-13 12:45:36.
     1>Project "C:\mnich2\OpenIGTLink-1\Blds\Examples\ImageMeta\ImageMetaClient.vcxproj" on node 2 (build target(s)).
     1>InitializeBuildStatus:
         Creating "ImageMetaClient.dir\Debug\ImageMetaClient.unsuccessfulbuild" because "AlwaysCreate" was specified.
       CustomBuild:
         All outputs are up-to-date.
       ClCompile:
         All outputs are up-to-date.
       ManifestResourceCompile:
         All outputs are up-to-date.
       Link:
         c:\Program Files\Microsoft Visual Studio 10.0\VC\bin\link.exe /ERRORREPORT:PROMPT /OUT:"C:\mnich2\OpenIGTLink-1\Blds\bin\Debug\ImageMetaClient.exe" /INCREMENTAL /NOLOGO kernel32.lib user32.lib gdi32.lib winspool.lib shell32.lib ole32.lib oleaut32.lib uuid.lib comdlg32.lib advapi32.lib ..\..\bin\Debug\OpenIGTLink.lib ws2_32.lib wsock32.lib /MANIFEST /ManifestFile:"ImageMetaClient.dir\Debug\ImageMetaClient.exe.intermediate.manifest" /MANIFESTUAC:"level='asInvoker' uiAccess='false'" /DEBUG /PDB:"C:/mnich2/OpenIGTLink-1/Blds/bin/Debug/ImageMetaClient.pdb" /SUBSYSTEM:CONSOLE /TLBID:1 /DYNAMICBASE /NXCOMPAT /IMPLIB:"C:/mnich2/OpenIGTLink-1/Blds/bin/Debug/ImageMetaClient.lib" /MACHINE:X86 ImageMetaClient.dir\Debug\ImageMetaClient.exe.embed.manifest.res
         ImageMetaClient.dir\Debug\ImageMetaClient.obj  /machine:X86 /debug 
            Creating library C:/mnich2/OpenIGTLink-1/Blds/bin/Debug/ImageMetaClient.lib and object C:/mnich2/OpenIGTLink-1/Blds/bin/Debug/ImageMetaClient.exp
       Manifest:
         C:\Program Files\Microsoft SDKs\Windows\v7.0A\bin\mt.exe /nologo /verbose /out:"ImageMetaClient.dir\Debug\ImageMetaClient.exe.embed.manifest" /manifest ImageMetaClient.dir\Debug\ImageMetaClient.exe.intermediate.manifest
         All outputs are up-to-date.
       LinkEmbedManifest:
         All outputs are up-to-date.
         ImageMetaClient.vcxproj -> C:\mnich2\OpenIGTLink-1\Blds\bin\Debug\ImageMetaClient.exe
       FinalizeBuildStatus:
         Deleting file "ImageMetaClient.dir\Debug\ImageMetaClient.unsuccessfulbuild".
         Touching "ImageMetaClient.dir\Debug\ImageMetaClient.lastbuildstate".
     1>Done Building Project "C:\mnich2\OpenIGTLink-1\Blds\Examples\ImageMeta\ImageMetaClient.vcxproj" (build target(s)).

Build succeeded.

Time Elapsed 00:00:01.16
